2018-12-21 08:32:17.278  INFO 77380 --- [main] com.user.UserApplication                 : Starting UserApplication on DESKTOP-M5QQUUF with PID 77380 (D:\IDEAWorkSpaces\PTproject\xiaomai\user\target\classes started by 郑益豪 in D:\IDEAWorkSpaces\PTproject\xiaomai)
2018-12-21 08:32:17.295  INFO 77380 --- [main] com.user.UserApplication                 : The following profiles are active: dev
2018-12-21 08:32:20.367  INFO 77380 --- [main] .s.d.r.c.RepositoryConfigurationDelegate : Multiple Spring Data modules found, entering strict repository configuration mode!
2018-12-21 08:32:20.370  INFO 77380 --- [main] .s.d.r.c.RepositoryConfigurationDelegate : Bootstrapping Spring Data repositories in DEFAULT mode.
2018-12-21 08:32:20.477  INFO 77380 --- [main] .s.d.r.c.RepositoryConfigurationDelegate : Finished Spring Data repository scanning in 32ms. Found 0 repository interfaces.
2018-12-21 08:32:20.863  INFO 77380 --- [main] trationDelegate$BeanPostProcessorChecker : Bean 'com.alibaba.druid.spring.boot.autoconfigure.stat.DruidSpringAopConfiguration' of type [com.alibaba.druid.spring.boot.autoconfigure.stat.DruidSpringAopConfiguration] is not eligible for getting processed by all BeanPostProcessors (for example: not eligible for auto-proxying)
2018-12-21 08:32:20.893  INFO 77380 --- [main] trationDelegate$BeanPostProcessorChecker : Bean 'org.springframework.transaction.annotation.ProxyTransactionManagementConfiguration' of type [org.springframework.transaction.annotation.ProxyTransactionManagementConfiguration$$EnhancerBySpringCGLIB$$b2258dba] is not eligible for getting processed by all BeanPostProcessors (for example: not eligible for auto-proxying)
2018-12-21 08:32:20.911  INFO 77380 --- [main] trationDelegate$BeanPostProcessorChecker : Bean 'spring.datasource.druid-com.alibaba.druid.spring.boot.autoconfigure.properties.DruidStatProperties' of type [com.alibaba.druid.spring.boot.autoconfigure.properties.DruidStatProperties] is not eligible for getting processed by all BeanPostProcessors (for example: not eligible for auto-proxying)
2018-12-21 08:32:20.954  INFO 77380 --- [main] trationDelegate$BeanPostProcessorChecker : Bean 'advisor' of type [org.springframework.aop.support.RegexpMethodPointcutAdvisor] is not eligible for getting processed by all BeanPostProcessors (for example: not eligible for auto-proxying)
2018-12-21 08:32:21.657  INFO 77380 --- [main] o.s.b.w.embedded.tomcat.TomcatWebServer  : Tomcat initialized with port(s): 8080 (http)
2018-12-21 08:32:21.711  INFO 77380 --- [main] o.apache.catalina.core.StandardService   : Starting service [Tomcat]
2018-12-21 08:32:21.711  INFO 77380 --- [main] org.apache.catalina.core.StandardEngine  : Starting Servlet Engine: Apache Tomcat/9.0.13
2018-12-21 08:32:21.720  INFO 77380 --- [main] o.a.catalina.core.AprLifecycleListener   : The APR based Apache Tomcat Native library which allows optimal performance in production environments was not found on the java.library.path: [C:\Program Files\Java\jdk1.8.0_181\bin;C:\WINDOWS\Sun\Java\bin;C:\WINDOWS\system32;C:\WINDOWS;%JAVA_HOME%\bin;%JAVA_HOME%\jre\bin;C:\Program Files (x86)\Intel\iCLS Client\;C:\Program Files\Intel\iCLS Client\;C:\Windows\system32;C:\Windows;C:\Windows\System32\Wbem;C:\Windows\System32\WindowsPowerShell\v1.0\;C:\Program Files (x86)\NVIDIA Corporation\PhysX\Common;C:\Program Files (x86)\Intel\Intel(R) Management Engine Components\DAL;C:\Program Files\Intel\Intel(R) Management Engine Components\DAL;C:\Program Files (x86)\Intel\Intel(R) Management Engine Components\IPT;C:\Program Files\Intel\Intel(R) Management Engine Components\IPT;C:\Program Files\Intel\WiFi\bin\;C:\Program Files\Common Files\Intel\WirelessCommon\;C:\WINDOWS\system32;C:\WINDOWS;C:\WINDOWS\System32\Wbem;C:\WINDOWS\System32\WindowsPowerShell\v1.0\;C:\WINDOWS\System32\OpenSSH\;D:\Git\cmd;D:\maven\apache-maven-3.5.4\bin;D:\svn\bin;C:\Program Files\VisualSVN Server\bin;C:\Program Files\MySQL\MySQL Server 5.5\bin;%GRADLE_HOME%\bin;C:\Users\zyh\AppData\Local\Microsoft\WindowsApps;C:\Users\zyh\AppData\Local\GitHubDesktop\bin;;.]
2018-12-21 08:32:21.977  INFO 77380 --- [main] o.a.c.c.C.[Tomcat].[localhost].[/]       : Initializing Spring embedded WebApplicationContext
2018-12-21 08:32:21.978  INFO 77380 --- [main] o.s.web.context.ContextLoader            : Root WebApplicationContext: initialization completed in 4540 ms
2018-12-21 08:32:22.193  INFO 77380 --- [main] c.a.d.s.b.a.DruidDataSourceAutoConfigure : Init DruidDataSource
2018-12-21 08:32:22.525  INFO 77380 --- [main] com.alibaba.druid.pool.DruidDataSource   : {dataSource-1} inited
2018-12-21 08:32:23.964  INFO 77380 --- [main] o.s.s.concurrent.ThreadPoolTaskExecutor  : Initializing ExecutorService 'applicationTaskExecutor'
2018-12-21 08:32:25.773  INFO 77380 --- [main] d.s.w.p.DocumentationPluginsBootstrapper : Context refreshed
2018-12-21 08:32:25.804  INFO 77380 --- [main] d.s.w.p.DocumentationPluginsBootstrapper : Found 1 custom documentation plugin(s)
2018-12-21 08:32:25.819  INFO 77380 --- [main] s.d.s.w.s.ApiListingReferenceScanner     : Scanning for api listing references
2018-12-21 08:32:26.078  INFO 77380 --- [main] o.s.b.w.embedded.tomcat.TomcatWebServer  : Tomcat started on port(s): 8080 (http) with context path ''
2018-12-21 08:32:26.081  INFO 77380 --- [main] com.user.UserApplication                 : Started UserApplication in 9.746 seconds (JVM running for 11.691)
2018-12-21 08:33:37.350  INFO 77380 --- [http-nio-8080-exec-1] o.a.c.c.C.[Tomcat].[localhost].[/]       : Initializing Spring DispatcherServlet 'dispatcherServlet'
2018-12-21 08:33:37.351  INFO 77380 --- [http-nio-8080-exec-1] o.s.web.servlet.DispatcherServlet        : Initializing Servlet 'dispatcherServlet'
2018-12-21 08:33:37.358  INFO 77380 --- [http-nio-8080-exec-1] o.s.web.servlet.DispatcherServlet        : Completed initialization in 7 ms
2018-12-21 09:21:45.118  INFO 85532 --- [main] com.user.UserApplication                 : Starting UserApplication on DESKTOP-M5QQUUF with PID 85532 (D:\IDEAWorkSpaces\PTproject\xiaomai\user\target\classes started by 郑益豪 in D:\IDEAWorkSpaces\PTproject\xiaomai)
2018-12-21 09:21:45.120  INFO 85532 --- [main] com.user.UserApplication                 : The following profiles are active: dev
2018-12-21 09:21:46.365  INFO 85532 --- [main] .s.d.r.c.RepositoryConfigurationDelegate : Multiple Spring Data modules found, entering strict repository configuration mode!
2018-12-21 09:21:46.367  INFO 85532 --- [main] .s.d.r.c.RepositoryConfigurationDelegate : Bootstrapping Spring Data repositories in DEFAULT mode.
2018-12-21 09:21:46.442  INFO 85532 --- [main] .s.d.r.c.RepositoryConfigurationDelegate : Finished Spring Data repository scanning in 60ms. Found 0 repository interfaces.
2018-12-21 09:21:46.925  INFO 85532 --- [main] trationDelegate$BeanPostProcessorChecker : Bean 'com.alibaba.druid.spring.boot.autoconfigure.stat.DruidSpringAopConfiguration' of type [com.alibaba.druid.spring.boot.autoconfigure.stat.DruidSpringAopConfiguration] is not eligible for getting processed by all BeanPostProcessors (for example: not eligible for auto-proxying)
2018-12-21 09:21:46.981  INFO 85532 --- [main] trationDelegate$BeanPostProcessorChecker : Bean 'org.springframework.transaction.annotation.ProxyTransactionManagementConfiguration' of type [org.springframework.transaction.annotation.ProxyTransactionManagementConfiguration$$EnhancerBySpringCGLIB$$c70f1c38] is not eligible for getting processed by all BeanPostProcessors (for example: not eligible for auto-proxying)
2018-12-21 09:21:47.006  INFO 85532 --- [main] trationDelegate$BeanPostProcessorChecker : Bean 'spring.datasource.druid-com.alibaba.druid.spring.boot.autoconfigure.properties.DruidStatProperties' of type [com.alibaba.druid.spring.boot.autoconfigure.properties.DruidStatProperties] is not eligible for getting processed by all BeanPostProcessors (for example: not eligible for auto-proxying)
2018-12-21 09:21:47.011  INFO 85532 --- [main] trationDelegate$BeanPostProcessorChecker : Bean 'advisor' of type [org.springframework.aop.support.RegexpMethodPointcutAdvisor] is not eligible for getting processed by all BeanPostProcessors (for example: not eligible for auto-proxying)
2018-12-21 09:21:47.305  INFO 85532 --- [main] o.s.b.w.embedded.tomcat.TomcatWebServer  : Tomcat initialized with port(s): 8080 (http)
2018-12-21 09:21:47.324  INFO 85532 --- [main] o.apache.catalina.core.StandardService   : Starting service [Tomcat]
2018-12-21 09:21:47.324  INFO 85532 --- [main] org.apache.catalina.core.StandardEngine  : Starting Servlet Engine: Apache Tomcat/9.0.13
2018-12-21 09:21:47.331  INFO 85532 --- [main] o.a.catalina.core.AprLifecycleListener   : The APR based Apache Tomcat Native library which allows optimal performance in production environments was not found on the java.library.path: [C:\Program Files\Java\jdk1.8.0_181\bin;C:\WINDOWS\Sun\Java\bin;C:\WINDOWS\system32;C:\WINDOWS;%JAVA_HOME%\bin;%JAVA_HOME%\jre\bin;C:\Program Files (x86)\Intel\iCLS Client\;C:\Program Files\Intel\iCLS Client\;C:\Windows\system32;C:\Windows;C:\Windows\System32\Wbem;C:\Windows\System32\WindowsPowerShell\v1.0\;C:\Program Files (x86)\NVIDIA Corporation\PhysX\Common;C:\Program Files (x86)\Intel\Intel(R) Management Engine Components\DAL;C:\Program Files\Intel\Intel(R) Management Engine Components\DAL;C:\Program Files (x86)\Intel\Intel(R) Management Engine Components\IPT;C:\Program Files\Intel\Intel(R) Management Engine Components\IPT;C:\Program Files\Intel\WiFi\bin\;C:\Program Files\Common Files\Intel\WirelessCommon\;C:\WINDOWS\system32;C:\WINDOWS;C:\WINDOWS\System32\Wbem;C:\WINDOWS\System32\WindowsPowerShell\v1.0\;C:\WINDOWS\System32\OpenSSH\;D:\Git\cmd;D:\maven\apache-maven-3.5.4\bin;D:\svn\bin;C:\Program Files\VisualSVN Server\bin;C:\Program Files\MySQL\MySQL Server 5.5\bin;%GRADLE_HOME%\bin;C:\Users\zyh\AppData\Local\Microsoft\WindowsApps;C:\Users\zyh\AppData\Local\GitHubDesktop\bin;;.]
2018-12-21 09:21:47.462  INFO 85532 --- [main] o.a.c.c.C.[Tomcat].[localhost].[/]       : Initializing Spring embedded WebApplicationContext
2018-12-21 09:21:47.463  INFO 85532 --- [main] o.s.web.context.ContextLoader            : Root WebApplicationContext: initialization completed in 2301 ms
2018-12-21 09:21:47.645  INFO 85532 --- [main] c.a.d.s.b.a.DruidDataSourceAutoConfigure : Init DruidDataSource
2018-12-21 09:21:48.014  INFO 85532 --- [main] com.alibaba.druid.pool.DruidDataSource   : {dataSource-1} inited
2018-12-21 09:21:48.680  INFO 85532 --- [main] o.s.s.concurrent.ThreadPoolTaskExecutor  : Initializing ExecutorService 'applicationTaskExecutor'
2018-12-21 09:21:49.104  INFO 85532 --- [main] d.s.w.p.DocumentationPluginsBootstrapper : Context refreshed
2018-12-21 09:21:49.124  INFO 85532 --- [main] d.s.w.p.DocumentationPluginsBootstrapper : Found 1 custom documentation plugin(s)
2018-12-21 09:21:49.138  INFO 85532 --- [main] s.d.s.w.s.ApiListingReferenceScanner     : Scanning for api listing references
2018-12-21 09:21:49.306  INFO 85532 --- [main] o.s.b.w.embedded.tomcat.TomcatWebServer  : Tomcat started on port(s): 8080 (http) with context path ''
2018-12-21 09:21:49.309  INFO 85532 --- [main] com.user.UserApplication                 : Started UserApplication in 4.651 seconds (JVM running for 5.794)
2018-12-21 09:25:23.541  INFO 85532 --- [http-nio-8080-exec-1] o.a.c.c.C.[Tomcat].[localhost].[/]       : Initializing Spring DispatcherServlet 'dispatcherServlet'
2018-12-21 09:25:23.541  INFO 85532 --- [http-nio-8080-exec-1] o.s.web.servlet.DispatcherServlet        : Initializing Servlet 'dispatcherServlet'
2018-12-21 09:25:23.547  INFO 85532 --- [http-nio-8080-exec-1] o.s.web.servlet.DispatcherServlet        : Completed initialization in 6 ms
2018-12-21 16:10:44.855  INFO 111744 --- [main] com.user.UserApplication                 : Starting UserApplication on DESKTOP-M5QQUUF with PID 111744 (D:\IDEAWorkSpaces\PTproject\xiaomai\user\target\classes started by 郑益豪 in D:\IDEAWorkSpaces\PTproject\xiaomai)
2018-12-21 16:10:44.888  INFO 111744 --- [main] com.user.UserApplication                 : The following profiles are active: dev
2018-12-21 16:10:48.696  INFO 111744 --- [main] .s.d.r.c.RepositoryConfigurationDelegate : Multiple Spring Data modules found, entering strict repository configuration mode!
2018-12-21 16:10:48.702  INFO 111744 --- [main] .s.d.r.c.RepositoryConfigurationDelegate : Bootstrapping Spring Data repositories in DEFAULT mode.
2018-12-21 16:10:48.819  INFO 111744 --- [main] .s.d.r.c.RepositoryConfigurationDelegate : Finished Spring Data repository scanning in 27ms. Found 0 repository interfaces.
2018-12-21 16:10:49.475  INFO 111744 --- [main] trationDelegate$BeanPostProcessorChecker : Bean 'com.alibaba.druid.spring.boot.autoconfigure.stat.DruidSpringAopConfiguration' of type [com.alibaba.druid.spring.boot.autoconfigure.stat.DruidSpringAopConfiguration] is not eligible for getting processed by all BeanPostProcessors (for example: not eligible for auto-proxying)
2018-12-21 16:10:49.499  INFO 111744 --- [main] trationDelegate$BeanPostProcessorChecker : Bean 'org.springframework.transaction.annotation.ProxyTransactionManagementConfiguration' of type [org.springframework.transaction.annotation.ProxyTransactionManagementConfiguration$$EnhancerBySpringCGLIB$$47ec34bf] is not eligible for getting processed by all BeanPostProcessors (for example: not eligible for auto-proxying)
2018-12-21 16:10:49.520  INFO 111744 --- [main] trationDelegate$BeanPostProcessorChecker : Bean 'spring.datasource.druid-com.alibaba.druid.spring.boot.autoconfigure.properties.DruidStatProperties' of type [com.alibaba.druid.spring.boot.autoconfigure.properties.DruidStatProperties] is not eligible for getting processed by all BeanPostProcessors (for example: not eligible for auto-proxying)
2018-12-21 16:10:49.557  INFO 111744 --- [main] trationDelegate$BeanPostProcessorChecker : Bean 'advisor' of type [org.springframework.aop.support.RegexpMethodPointcutAdvisor] is not eligible for getting processed by all BeanPostProcessors (for example: not eligible for auto-proxying)
2018-12-21 16:10:50.540  INFO 111744 --- [main] o.s.b.w.embedded.tomcat.TomcatWebServer  : Tomcat initialized with port(s): 8080 (http)
2018-12-21 16:10:50.611  INFO 111744 --- [main] o.apache.catalina.core.StandardService   : Starting service [Tomcat]
2018-12-21 16:10:50.611  INFO 111744 --- [main] org.apache.catalina.core.StandardEngine  : Starting Servlet Engine: Apache Tomcat/9.0.13
2018-12-21 16:10:50.618  INFO 111744 --- [main] o.a.catalina.core.AprLifecycleListener   : The APR based Apache Tomcat Native library which allows optimal performance in production environments was not found on the java.library.path: [C:\Program Files\Java\jdk1.8.0_181\bin;C:\WINDOWS\Sun\Java\bin;C:\WINDOWS\system32;C:\WINDOWS;%JAVA_HOME%\bin;%JAVA_HOME%\jre\bin;C:\Program Files (x86)\Intel\iCLS Client\;C:\Program Files\Intel\iCLS Client\;C:\Windows\system32;C:\Windows;C:\Windows\System32\Wbem;C:\Windows\System32\WindowsPowerShell\v1.0\;C:\Program Files (x86)\NVIDIA Corporation\PhysX\Common;C:\Program Files (x86)\Intel\Intel(R) Management Engine Components\DAL;C:\Program Files\Intel\Intel(R) Management Engine Components\DAL;C:\Program Files (x86)\Intel\Intel(R) Management Engine Components\IPT;C:\Program Files\Intel\Intel(R) Management Engine Components\IPT;C:\Program Files\Intel\WiFi\bin\;C:\Program Files\Common Files\Intel\WirelessCommon\;C:\WINDOWS\system32;C:\WINDOWS;C:\WINDOWS\System32\Wbem;C:\WINDOWS\System32\WindowsPowerShell\v1.0\;C:\WINDOWS\System32\OpenSSH\;D:\Git\cmd;D:\maven\apache-maven-3.5.4\bin;D:\svn\bin;C:\Program Files\VisualSVN Server\bin;C:\Program Files\MySQL\MySQL Server 5.5\bin;%GRADLE_HOME%\bin;C:\Users\zyh\AppData\Local\Microsoft\WindowsApps;C:\Users\zyh\AppData\Local\GitHubDesktop\bin;;.]
2018-12-21 16:10:50.902  INFO 111744 --- [main] o.a.c.c.C.[Tomcat].[localhost].[/]       : Initializing Spring embedded WebApplicationContext
2018-12-21 16:10:50.902  INFO 111744 --- [main] o.s.web.context.ContextLoader            : Root WebApplicationContext: initialization completed in 5800 ms
2018-12-21 16:10:51.147  INFO 111744 --- [main] c.a.d.s.b.a.DruidDataSourceAutoConfigure : Init DruidDataSource
2018-12-21 16:10:51.514  INFO 111744 --- [main] com.alibaba.druid.pool.DruidDataSource   : {dataSource-1} inited
2018-12-21 16:10:51.989  WARN 111744 --- [main] ConfigServletWebServerApplicationContext : Exception encountered during context initialization - cancelling refresh attempt: org.springframework.beans.factory.UnsatisfiedDependencyException: Error creating bean with name 't_userInfoController': Unsatisfied dependency expressed through field 'tuis'; nested exception is org.springframework.beans.factory.NoSuchBeanDefinitionException: No qualifying bean of type 'com.user.service.T_userInfoService' available: expected at least 1 bean which qualifies as autowire candidate. Dependency annotations: {@org.springframework.beans.factory.annotation.Autowired(required=true)}
2018-12-21 16:10:51.990  INFO 111744 --- [main] com.alibaba.druid.pool.DruidDataSource   : {dataSource-1} closed
2018-12-21 16:10:51.992  INFO 111744 --- [main] o.apache.catalina.core.StandardService   : Stopping service [Tomcat]
2018-12-21 16:10:52.004  INFO 111744 --- [main] ConditionEvaluationReportLoggingListener : 

Error starting ApplicationContext. To display the conditions report re-run your application with 'debug' enabled.
2018-12-21 16:10:52.250 ERROR 111744 --- [main] o.s.b.d.LoggingFailureAnalysisReporter   : 

***************************
APPLICATION FAILED TO START
***************************

Description:

Field tuis in com.user.controller.T_userInfoController required a bean of type 'com.user.service.T_userInfoService' that could not be found.

The injection point has the following annotations:
	- @org.springframework.beans.factory.annotation.Autowired(required=true)


Action:

Consider defining a bean of type 'com.user.service.T_userInfoService' in your configuration.

2018-12-21 16:12:29.792  INFO 88868 --- [main] com.user.UserApplication                 : Starting UserApplication on DESKTOP-M5QQUUF with PID 88868 (D:\IDEAWorkSpaces\PTproject\xiaomai\user\target\classes started by 郑益豪 in D:\IDEAWorkSpaces\PTproject\xiaomai)
2018-12-21 16:12:29.795  INFO 88868 --- [main] com.user.UserApplication                 : The following profiles are active: dev
2018-12-21 16:12:31.006  INFO 88868 --- [main] .s.d.r.c.RepositoryConfigurationDelegate : Multiple Spring Data modules found, entering strict repository configuration mode!
2018-12-21 16:12:31.008  INFO 88868 --- [main] .s.d.r.c.RepositoryConfigurationDelegate : Bootstrapping Spring Data repositories in DEFAULT mode.
2018-12-21 16:12:31.035  INFO 88868 --- [main] .s.d.r.c.RepositoryConfigurationDelegate : Finished Spring Data repository scanning in 13ms. Found 0 repository interfaces.
2018-12-21 16:12:31.285  INFO 88868 --- [main] trationDelegate$BeanPostProcessorChecker : Bean 'com.alibaba.druid.spring.boot.autoconfigure.stat.DruidSpringAopConfiguration' of type [com.alibaba.druid.spring.boot.autoconfigure.stat.DruidSpringAopConfiguration] is not eligible for getting processed by all BeanPostProcessors (for example: not eligible for auto-proxying)
2018-12-21 16:12:31.308  INFO 88868 --- [main] trationDelegate$BeanPostProcessorChecker : Bean 'org.springframework.transaction.annotation.ProxyTransactionManagementConfiguration' of type [org.springframework.transaction.annotation.ProxyTransactionManagementConfiguration$$EnhancerBySpringCGLIB$$5956af82] is not eligible for getting processed by all BeanPostProcessors (for example: not eligible for auto-proxying)
2018-12-21 16:12:31.327  INFO 88868 --- [main] trationDelegate$BeanPostProcessorChecker : Bean 'spring.datasource.druid-com.alibaba.druid.spring.boot.autoconfigure.properties.DruidStatProperties' of type [com.alibaba.druid.spring.boot.autoconfigure.properties.DruidStatProperties] is not eligible for getting processed by all BeanPostProcessors (for example: not eligible for auto-proxying)
2018-12-21 16:12:31.332  INFO 88868 --- [main] trationDelegate$BeanPostProcessorChecker : Bean 'advisor' of type [org.springframework.aop.support.RegexpMethodPointcutAdvisor] is not eligible for getting processed by all BeanPostProcessors (for example: not eligible for auto-proxying)
2018-12-21 16:12:31.610  INFO 88868 --- [main] o.s.b.w.embedded.tomcat.TomcatWebServer  : Tomcat initialized with port(s): 8080 (http)
2018-12-21 16:12:31.627  INFO 88868 --- [main] o.apache.catalina.core.StandardService   : Starting service [Tomcat]
2018-12-21 16:12:31.628  INFO 88868 --- [main] org.apache.catalina.core.StandardEngine  : Starting Servlet Engine: Apache Tomcat/9.0.13
2018-12-21 16:12:31.634  INFO 88868 --- [main] o.a.catalina.core.AprLifecycleListener   : The APR based Apache Tomcat Native library which allows optimal performance in production environments was not found on the java.library.path: [C:\Program Files\Java\jdk1.8.0_181\bin;C:\WINDOWS\Sun\Java\bin;C:\WINDOWS\system32;C:\WINDOWS;%JAVA_HOME%\bin;%JAVA_HOME%\jre\bin;C:\Program Files (x86)\Intel\iCLS Client\;C:\Program Files\Intel\iCLS Client\;C:\Windows\system32;C:\Windows;C:\Windows\System32\Wbem;C:\Windows\System32\WindowsPowerShell\v1.0\;C:\Program Files (x86)\NVIDIA Corporation\PhysX\Common;C:\Program Files (x86)\Intel\Intel(R) Management Engine Components\DAL;C:\Program Files\Intel\Intel(R) Management Engine Components\DAL;C:\Program Files (x86)\Intel\Intel(R) Management Engine Components\IPT;C:\Program Files\Intel\Intel(R) Management Engine Components\IPT;C:\Program Files\Intel\WiFi\bin\;C:\Program Files\Common Files\Intel\WirelessCommon\;C:\WINDOWS\system32;C:\WINDOWS;C:\WINDOWS\System32\Wbem;C:\WINDOWS\System32\WindowsPowerShell\v1.0\;C:\WINDOWS\System32\OpenSSH\;D:\Git\cmd;D:\maven\apache-maven-3.5.4\bin;D:\svn\bin;C:\Program Files\VisualSVN Server\bin;C:\Program Files\MySQL\MySQL Server 5.5\bin;%GRADLE_HOME%\bin;C:\Users\zyh\AppData\Local\Microsoft\WindowsApps;C:\Users\zyh\AppData\Local\GitHubDesktop\bin;;.]
2018-12-21 16:12:31.759  INFO 88868 --- [main] o.a.c.c.C.[Tomcat].[localhost].[/]       : Initializing Spring embedded WebApplicationContext
2018-12-21 16:12:31.759  INFO 88868 --- [main] o.s.web.context.ContextLoader            : Root WebApplicationContext: initialization completed in 1928 ms
2018-12-21 16:12:31.870  INFO 88868 --- [main] c.a.d.s.b.a.DruidDataSourceAutoConfigure : Init DruidDataSource
2018-12-21 16:12:32.282  INFO 88868 --- [main] com.alibaba.druid.pool.DruidDataSource   : {dataSource-1} inited
2018-12-21 16:12:33.640  INFO 88868 --- [main] o.s.s.concurrent.ThreadPoolTaskExecutor  : Initializing ExecutorService 'applicationTaskExecutor'
2018-12-21 16:12:35.032  INFO 88868 --- [main] d.s.w.p.DocumentationPluginsBootstrapper : Context refreshed
2018-12-21 16:12:35.074  INFO 88868 --- [main] d.s.w.p.DocumentationPluginsBootstrapper : Found 1 custom documentation plugin(s)
2018-12-21 16:12:35.099  INFO 88868 --- [main] s.d.s.w.s.ApiListingReferenceScanner     : Scanning for api listing references
2018-12-21 16:12:35.495  INFO 88868 --- [main] o.s.b.w.embedded.tomcat.TomcatWebServer  : Tomcat started on port(s): 8080 (http) with context path ''
2018-12-21 16:12:35.497  INFO 88868 --- [main] com.user.UserApplication                 : Started UserApplication in 6.135 seconds (JVM running for 7.213)
2018-12-21 16:13:12.784  INFO 88868 --- [http-nio-8080-exec-1] o.a.c.c.C.[Tomcat].[localhost].[/]       : Initializing Spring DispatcherServlet 'dispatcherServlet'
2018-12-21 16:13:12.784  INFO 88868 --- [http-nio-8080-exec-1] o.s.web.servlet.DispatcherServlet        : Initializing Servlet 'dispatcherServlet'
2018-12-21 16:13:12.792  INFO 88868 --- [http-nio-8080-exec-1] o.s.web.servlet.DispatcherServlet        : Completed initialization in 7 ms
2018-12-21 16:13:24.389  WARN 88868 --- [http-nio-8080-exec-2] .w.s.m.s.DefaultHandlerExceptionResolver : Resolved [org.springframework.web.HttpRequestMethodNotSupportedException: Request method 'POST' not supported]
2018-12-21 16:13:31.911  WARN 88868 --- [http-nio-8080-exec-3] .w.s.m.s.DefaultHandlerExceptionResolver : Resolved [org.springframework.web.HttpRequestMethodNotSupportedException: Request method 'POST' not supported]
2018-12-21 16:13:38.464  WARN 88868 --- [http-nio-8080-exec-4] .w.s.m.s.DefaultHandlerExceptionResolver : Resolved [org.springframework.web.HttpRequestMethodNotSupportedException: Request method 'POST' not supported]
2018-12-21 16:13:40.413  WARN 88868 --- [http-nio-8080-exec-5] .w.s.m.s.DefaultHandlerExceptionResolver : Resolved [org.springframework.web.HttpRequestMethodNotSupportedException: Request method 'POST' not supported]
2018-12-21 16:13:42.474  WARN 88868 --- [http-nio-8080-exec-6] .w.s.m.s.DefaultHandlerExceptionResolver : Resolved [org.springframework.web.HttpRequestMethodNotSupportedException: Request method 'POST' not supported]
2018-12-21 16:13:43.446  WARN 88868 --- [http-nio-8080-exec-8] .w.s.m.s.DefaultHandlerExceptionResolver : Resolved [org.springframework.web.HttpRequestMethodNotSupportedException: Request method 'POST' not supported]
2018-12-21 16:36:51.543  INFO 2320 --- [main] com.user.UserApplication                 : Starting UserApplication on DESKTOP-M5QQUUF with PID 2320 (D:\IDEAWorkSpaces\PTproject\xiaomai\user\target\classes started by 郑益豪 in D:\IDEAWorkSpaces\PTproject\xiaomai)
2018-12-21 16:36:51.546  INFO 2320 --- [main] com.user.UserApplication                 : The following profiles are active: dev
2018-12-21 16:36:52.825  INFO 2320 --- [main] .s.d.r.c.RepositoryConfigurationDelegate : Multiple Spring Data modules found, entering strict repository configuration mode!
2018-12-21 16:36:52.827  INFO 2320 --- [main] .s.d.r.c.RepositoryConfigurationDelegate : Bootstrapping Spring Data repositories in DEFAULT mode.
2018-12-21 16:36:52.891  INFO 2320 --- [main] .s.d.r.c.RepositoryConfigurationDelegate : Finished Spring Data repository scanning in 16ms. Found 0 repository interfaces.
2018-12-21 16:36:53.271  INFO 2320 --- [main] trationDelegate$BeanPostProcessorChecker : Bean 'com.alibaba.druid.spring.boot.autoconfigure.stat.DruidSpringAopConfiguration' of type [com.alibaba.druid.spring.boot.autoconfigure.stat.DruidSpringAopConfiguration] is not eligible for getting processed by all BeanPostProcessors (for example: not eligible for auto-proxying)
2018-12-21 16:36:53.340  INFO 2320 --- [main] trationDelegate$BeanPostProcessorChecker : Bean 'org.springframework.transaction.annotation.ProxyTransactionManagementConfiguration' of type [org.springframework.transaction.annotation.ProxyTransactionManagementConfiguration$$EnhancerBySpringCGLIB$$31177d4e] is not eligible for getting processed by all BeanPostProcessors (for example: not eligible for auto-proxying)
2018-12-21 16:36:53.368  INFO 2320 --- [main] trationDelegate$BeanPostProcessorChecker : Bean 'spring.datasource.druid-com.alibaba.druid.spring.boot.autoconfigure.properties.DruidStatProperties' of type [com.alibaba.druid.spring.boot.autoconfigure.properties.DruidStatProperties] is not eligible for getting processed by all BeanPostProcessors (for example: not eligible for auto-proxying)
2018-12-21 16:36:53.380  INFO 2320 --- [main] trationDelegate$BeanPostProcessorChecker : Bean 'advisor' of type [org.springframework.aop.support.RegexpMethodPointcutAdvisor] is not eligible for getting processed by all BeanPostProcessors (for example: not eligible for auto-proxying)
2018-12-21 16:36:53.704  INFO 2320 --- [main] o.s.b.w.embedded.tomcat.TomcatWebServer  : Tomcat initialized with port(s): 8080 (http)
2018-12-21 16:36:53.725  INFO 2320 --- [main] o.apache.catalina.core.StandardService   : Starting service [Tomcat]
2018-12-21 16:36:53.725  INFO 2320 --- [main] org.apache.catalina.core.StandardEngine  : Starting Servlet Engine: Apache Tomcat/9.0.13
2018-12-21 16:36:53.731  INFO 2320 --- [main] o.a.catalina.core.AprLifecycleListener   : The APR based Apache Tomcat Native library which allows optimal performance in production environments was not found on the java.library.path: [C:\Program Files\Java\jdk1.8.0_181\bin;C:\WINDOWS\Sun\Java\bin;C:\WINDOWS\system32;C:\WINDOWS;%JAVA_HOME%\bin;%JAVA_HOME%\jre\bin;C:\Program Files (x86)\Intel\iCLS Client\;C:\Program Files\Intel\iCLS Client\;C:\Windows\system32;C:\Windows;C:\Windows\System32\Wbem;C:\Windows\System32\WindowsPowerShell\v1.0\;C:\Program Files (x86)\NVIDIA Corporation\PhysX\Common;C:\Program Files (x86)\Intel\Intel(R) Management Engine Components\DAL;C:\Program Files\Intel\Intel(R) Management Engine Components\DAL;C:\Program Files (x86)\Intel\Intel(R) Management Engine Components\IPT;C:\Program Files\Intel\Intel(R) Management Engine Components\IPT;C:\Program Files\Intel\WiFi\bin\;C:\Program Files\Common Files\Intel\WirelessCommon\;C:\WINDOWS\system32;C:\WINDOWS;C:\WINDOWS\System32\Wbem;C:\WINDOWS\System32\WindowsPowerShell\v1.0\;C:\WINDOWS\System32\OpenSSH\;D:\Git\cmd;D:\maven\apache-maven-3.5.4\bin;D:\svn\bin;C:\Program Files\VisualSVN Server\bin;C:\Program Files\MySQL\MySQL Server 5.5\bin;%GRADLE_HOME%\bin;C:\Users\zyh\AppData\Local\Microsoft\WindowsApps;C:\Users\zyh\AppData\Local\GitHubDesktop\bin;;.]
2018-12-21 16:36:53.869  INFO 2320 --- [main] o.a.c.c.C.[Tomcat].[localhost].[/]       : Initializing Spring embedded WebApplicationContext
2018-12-21 16:36:53.870  INFO 2320 --- [main] o.s.web.context.ContextLoader            : Root WebApplicationContext: initialization completed in 2264 ms
2018-12-21 16:36:53.968  INFO 2320 --- [main] c.a.d.s.b.a.DruidDataSourceAutoConfigure : Init DruidDataSource
2018-12-21 16:36:54.249  INFO 2320 --- [main] com.alibaba.druid.pool.DruidDataSource   : {dataSource-1} inited
2018-12-21 16:36:55.229  INFO 2320 --- [main] o.s.s.concurrent.ThreadPoolTaskExecutor  : Initializing ExecutorService 'applicationTaskExecutor'
2018-12-21 16:36:55.647  INFO 2320 --- [main] d.s.w.p.DocumentationPluginsBootstrapper : Context refreshed
2018-12-21 16:36:55.663  INFO 2320 --- [main] d.s.w.p.DocumentationPluginsBootstrapper : Found 1 custom documentation plugin(s)
2018-12-21 16:36:55.675  INFO 2320 --- [main] s.d.s.w.s.ApiListingReferenceScanner     : Scanning for api listing references
2018-12-21 16:36:55.829  INFO 2320 --- [main] .d.s.w.r.o.CachingOperationNameGenerator : Generating unique operation named: updapwdUsingGET_1
2018-12-21 16:36:55.914  INFO 2320 --- [main] o.s.b.w.embedded.tomcat.TomcatWebServer  : Tomcat started on port(s): 8080 (http) with context path ''
2018-12-21 16:36:55.919  INFO 2320 --- [main] com.user.UserApplication                 : Started UserApplication in 4.921 seconds (JVM running for 6.031)
2018-12-21 16:37:22.287  INFO 2320 --- [http-nio-8080-exec-1] o.a.c.c.C.[Tomcat].[localhost].[/]       : Initializing Spring DispatcherServlet 'dispatcherServlet'
2018-12-21 16:37:22.287  INFO 2320 --- [http-nio-8080-exec-1] o.s.web.servlet.DispatcherServlet        : Initializing Servlet 'dispatcherServlet'
2018-12-21 16:37:22.301  INFO 2320 --- [http-nio-8080-exec-1] o.s.web.servlet.DispatcherServlet        : Completed initialization in 14 ms
2018-12-21 16:37:46.201  WARN 2320 --- [http-nio-8080-exec-3] .w.s.m.s.DefaultHandlerExceptionResolver : Resolved [org.springframework.web.HttpRequestMethodNotSupportedException: Request method 'POST' not supported]
2018-12-21 16:37:49.792  WARN 2320 --- [http-nio-8080-exec-4] .w.s.m.s.DefaultHandlerExceptionResolver : Resolved [org.springframework.web.HttpRequestMethodNotSupportedException: Request method 'POST' not supported]
2018-12-21 16:37:50.416  WARN 2320 --- [http-nio-8080-exec-5] .w.s.m.s.DefaultHandlerExceptionResolver : Resolved [org.springframework.web.HttpRequestMethodNotSupportedException: Request method 'POST' not supported]
2018-12-21 16:37:50.647  WARN 2320 --- [http-nio-8080-exec-6] .w.s.m.s.DefaultHandlerExceptionResolver : Resolved [org.springframework.web.HttpRequestMethodNotSupportedException: Request method 'POST' not supported]
2018-12-21 16:37:50.858  WARN 2320 --- [http-nio-8080-exec-7] .w.s.m.s.DefaultHandlerExceptionResolver : Resolved [org.springframework.web.HttpRequestMethodNotSupportedException: Request method 'POST' not supported]
2018-12-21 16:55:26.030  INFO 30764 --- [main] com.user.UserApplication                 : Starting UserApplication on DESKTOP-M5QQUUF with PID 30764 (D:\IDEAWorkSpaces\PTproject\xiaomai\user\target\classes started by 郑益豪 in D:\IDEAWorkSpaces\PTproject\xiaomai)
2018-12-21 16:55:26.033  INFO 30764 --- [main] com.user.UserApplication                 : The following profiles are active: dev
2018-12-21 16:55:27.701  INFO 30764 --- [main] .s.d.r.c.RepositoryConfigurationDelegate : Multiple Spring Data modules found, entering strict repository configuration mode!
2018-12-21 16:55:27.704  INFO 30764 --- [main] .s.d.r.c.RepositoryConfigurationDelegate : Bootstrapping Spring Data repositories in DEFAULT mode.
2018-12-21 16:55:27.777  INFO 30764 --- [main] .s.d.r.c.RepositoryConfigurationDelegate : Finished Spring Data repository scanning in 46ms. Found 0 repository interfaces.
2018-12-21 16:55:28.045  INFO 30764 --- [main] trationDelegate$BeanPostProcessorChecker : Bean 'com.alibaba.druid.spring.boot.autoconfigure.stat.DruidSpringAopConfiguration' of type [com.alibaba.druid.spring.boot.autoconfigure.stat.DruidSpringAopConfiguration] is not eligible for getting processed by all BeanPostProcessors (for example: not eligible for auto-proxying)
2018-12-21 16:55:28.084  INFO 30764 --- [main] trationDelegate$BeanPostProcessorChecker : Bean 'org.springframework.transaction.annotation.ProxyTransactionManagementConfiguration' of type [org.springframework.transaction.annotation.ProxyTransactionManagementConfiguration$$EnhancerBySpringCGLIB$$60c2c574] is not eligible for getting processed by all BeanPostProcessors (for example: not eligible for auto-proxying)
2018-12-21 16:55:28.112  INFO 30764 --- [main] trationDelegate$BeanPostProcessorChecker : Bean 'spring.datasource.druid-com.alibaba.druid.spring.boot.autoconfigure.properties.DruidStatProperties' of type [com.alibaba.druid.spring.boot.autoconfigure.properties.DruidStatProperties] is not eligible for getting processed by all BeanPostProcessors (for example: not eligible for auto-proxying)
2018-12-21 16:55:28.118  INFO 30764 --- [main] trationDelegate$BeanPostProcessorChecker : Bean 'advisor' of type [org.springframework.aop.support.RegexpMethodPointcutAdvisor] is not eligible for getting processed by all BeanPostProcessors (for example: not eligible for auto-proxying)
2018-12-21 16:55:28.498  INFO 30764 --- [main] o.s.b.w.embedded.tomcat.TomcatWebServer  : Tomcat initialized with port(s): 8080 (http)
2018-12-21 16:55:28.525  INFO 30764 --- [main] o.apache.catalina.core.StandardService   : Starting service [Tomcat]
2018-12-21 16:55:28.526  INFO 30764 --- [main] org.apache.catalina.core.StandardEngine  : Starting Servlet Engine: Apache Tomcat/9.0.13
2018-12-21 16:55:28.535  INFO 30764 --- [main] o.a.catalina.core.AprLifecycleListener   : The APR based Apache Tomcat Native library which allows optimal performance in production environments was not found on the java.library.path: [C:\Program Files\Java\jdk1.8.0_181\bin;C:\WINDOWS\Sun\Java\bin;C:\WINDOWS\system32;C:\WINDOWS;%JAVA_HOME%\bin;%JAVA_HOME%\jre\bin;C:\Program Files (x86)\Intel\iCLS Client\;C:\Program Files\Intel\iCLS Client\;C:\Windows\system32;C:\Windows;C:\Windows\System32\Wbem;C:\Windows\System32\WindowsPowerShell\v1.0\;C:\Program Files (x86)\NVIDIA Corporation\PhysX\Common;C:\Program Files (x86)\Intel\Intel(R) Management Engine Components\DAL;C:\Program Files\Intel\Intel(R) Management Engine Components\DAL;C:\Program Files (x86)\Intel\Intel(R) Management Engine Components\IPT;C:\Program Files\Intel\Intel(R) Management Engine Components\IPT;C:\Program Files\Intel\WiFi\bin\;C:\Program Files\Common Files\Intel\WirelessCommon\;C:\WINDOWS\system32;C:\WINDOWS;C:\WINDOWS\System32\Wbem;C:\WINDOWS\System32\WindowsPowerShell\v1.0\;C:\WINDOWS\System32\OpenSSH\;D:\Git\cmd;D:\maven\apache-maven-3.5.4\bin;D:\svn\bin;C:\Program Files\VisualSVN Server\bin;C:\Program Files\MySQL\MySQL Server 5.5\bin;%GRADLE_HOME%\bin;C:\Users\zyh\AppData\Local\Microsoft\WindowsApps;C:\Users\zyh\AppData\Local\GitHubDesktop\bin;;.]
2018-12-21 16:55:28.689  INFO 30764 --- [main] o.a.c.c.C.[Tomcat].[localhost].[/]       : Initializing Spring embedded WebApplicationContext
2018-12-21 16:55:28.689  INFO 30764 --- [main] o.s.web.context.ContextLoader            : Root WebApplicationContext: initialization completed in 2615 ms
2018-12-21 16:55:28.800  INFO 30764 --- [main] c.a.d.s.b.a.DruidDataSourceAutoConfigure : Init DruidDataSource
2018-12-21 16:55:29.029  INFO 30764 --- [main] com.alibaba.druid.pool.DruidDataSource   : {dataSource-1} inited
2018-12-21 16:55:29.974  INFO 30764 --- [main] o.s.s.concurrent.ThreadPoolTaskExecutor  : Initializing ExecutorService 'applicationTaskExecutor'
2018-12-21 16:55:30.418  INFO 30764 --- [main] d.s.w.p.DocumentationPluginsBootstrapper : Context refreshed
2018-12-21 16:55:30.432  INFO 30764 --- [main] d.s.w.p.DocumentationPluginsBootstrapper : Found 1 custom documentation plugin(s)
2018-12-21 16:55:30.457  INFO 30764 --- [main] s.d.s.w.s.ApiListingReferenceScanner     : Scanning for api listing references
2018-12-21 16:55:30.564  INFO 30764 --- [main] .d.s.w.r.o.CachingOperationNameGenerator : Generating unique operation named: updapwdUsingGET_1
2018-12-21 16:55:30.602  INFO 30764 --- [main] o.s.b.w.embedded.tomcat.TomcatWebServer  : Tomcat started on port(s): 8080 (http) with context path ''
2018-12-21 16:55:30.605  INFO 30764 --- [main] com.user.UserApplication                 : Started UserApplication in 5.032 seconds (JVM running for 6.148)
2018-12-21 16:56:02.501  INFO 30764 --- [http-nio-8080-exec-2] o.a.c.c.C.[Tomcat].[localhost].[/]       : Initializing Spring DispatcherServlet 'dispatcherServlet'
2018-12-21 16:56:02.501  INFO 30764 --- [http-nio-8080-exec-2] o.s.web.servlet.DispatcherServlet        : Initializing Servlet 'dispatcherServlet'
2018-12-21 16:56:02.509  INFO 30764 --- [http-nio-8080-exec-2] o.s.web.servlet.DispatcherServlet        : Completed initialization in 8 ms
2018-12-21 16:56:20.427  WARN 30764 --- [http-nio-8080-exec-1] .w.s.m.s.DefaultHandlerExceptionResolver : Resolved [org.springframework.web.HttpRequestMethodNotSupportedException: Request method 'POST' not supported]
2018-12-21 16:57:44.379  INFO 45404 --- [main] com.user.UserApplication                 : Starting UserApplication on DESKTOP-M5QQUUF with PID 45404 (D:\IDEAWorkSpaces\PTproject\xiaomai\user\target\classes started by 郑益豪 in D:\IDEAWorkSpaces\PTproject\xiaomai)
2018-12-21 16:57:44.382  INFO 45404 --- [main] com.user.UserApplication                 : The following profiles are active: dev
2018-12-21 16:57:45.787  INFO 45404 --- [main] .s.d.r.c.RepositoryConfigurationDelegate : Multiple Spring Data modules found, entering strict repository configuration mode!
2018-12-21 16:57:45.789  INFO 45404 --- [main] .s.d.r.c.RepositoryConfigurationDelegate : Bootstrapping Spring Data repositories in DEFAULT mode.
2018-12-21 16:57:45.839  INFO 45404 --- [main] .s.d.r.c.RepositoryConfigurationDelegate : Finished Spring Data repository scanning in 21ms. Found 0 repository interfaces.
2018-12-21 16:57:46.249  INFO 45404 --- [main] trationDelegate$BeanPostProcessorChecker : Bean 'com.alibaba.druid.spring.boot.autoconfigure.stat.DruidSpringAopConfiguration' of type [com.alibaba.druid.spring.boot.autoconfigure.stat.DruidSpringAopConfiguration] is not eligible for getting processed by all BeanPostProcessors (for example: not eligible for auto-proxying)
2018-12-21 16:57:46.278  INFO 45404 --- [main] trationDelegate$BeanPostProcessorChecker : Bean 'org.springframework.transaction.annotation.ProxyTransactionManagementConfiguration' of type [org.springframework.transaction.annotation.ProxyTransactionManagementConfiguration$$EnhancerBySpringCGLIB$$6644fe6d] is not eligible for getting processed by all BeanPostProcessors (for example: not eligible for auto-proxying)
2018-12-21 16:57:46.306  INFO 45404 --- [main] trationDelegate$BeanPostProcessorChecker : Bean 'spring.datasource.druid-com.alibaba.druid.spring.boot.autoconfigure.properties.DruidStatProperties' of type [com.alibaba.druid.spring.boot.autoconfigure.properties.DruidStatProperties] is not eligible for getting processed by all BeanPostProcessors (for example: not eligible for auto-proxying)
2018-12-21 16:57:46.314  INFO 45404 --- [main] trationDelegate$BeanPostProcessorChecker : Bean 'advisor' of type [org.springframework.aop.support.RegexpMethodPointcutAdvisor] is not eligible for getting processed by all BeanPostProcessors (for example: not eligible for auto-proxying)
2018-12-21 16:57:46.610  INFO 45404 --- [main] o.s.b.w.embedded.tomcat.TomcatWebServer  : Tomcat initialized with port(s): 8080 (http)
2018-12-21 16:57:46.630  INFO 45404 --- [main] o.apache.catalina.core.StandardService   : Starting service [Tomcat]
2018-12-21 16:57:46.630  INFO 45404 --- [main] org.apache.catalina.core.StandardEngine  : Starting Servlet Engine: Apache Tomcat/9.0.13
2018-12-21 16:57:46.636  INFO 45404 --- [main] o.a.catalina.core.AprLifecycleListener   : The APR based Apache Tomcat Native library which allows optimal performance in production environments was not found on the java.library.path: [C:\Program Files\Java\jdk1.8.0_181\bin;C:\WINDOWS\Sun\Java\bin;C:\WINDOWS\system32;C:\WINDOWS;%JAVA_HOME%\bin;%JAVA_HOME%\jre\bin;C:\Program Files (x86)\Intel\iCLS Client\;C:\Program Files\Intel\iCLS Client\;C:\Windows\system32;C:\Windows;C:\Windows\System32\Wbem;C:\Windows\System32\WindowsPowerShell\v1.0\;C:\Program Files (x86)\NVIDIA Corporation\PhysX\Common;C:\Program Files (x86)\Intel\Intel(R) Management Engine Components\DAL;C:\Program Files\Intel\Intel(R) Management Engine Components\DAL;C:\Program Files (x86)\Intel\Intel(R) Management Engine Components\IPT;C:\Program Files\Intel\Intel(R) Management Engine Components\IPT;C:\Program Files\Intel\WiFi\bin\;C:\Program Files\Common Files\Intel\WirelessCommon\;C:\WINDOWS\system32;C:\WINDOWS;C:\WINDOWS\System32\Wbem;C:\WINDOWS\System32\WindowsPowerShell\v1.0\;C:\WINDOWS\System32\OpenSSH\;D:\Git\cmd;D:\maven\apache-maven-3.5.4\bin;D:\svn\bin;C:\Program Files\VisualSVN Server\bin;C:\Program Files\MySQL\MySQL Server 5.5\bin;%GRADLE_HOME%\bin;C:\Users\zyh\AppData\Local\Microsoft\WindowsApps;C:\Users\zyh\AppData\Local\GitHubDesktop\bin;;.]
2018-12-21 16:57:46.768  INFO 45404 --- [main] o.a.c.c.C.[Tomcat].[localhost].[/]       : Initializing Spring embedded WebApplicationContext
2018-12-21 16:57:46.769  INFO 45404 --- [main] o.s.web.context.ContextLoader            : Root WebApplicationContext: initialization completed in 2277 ms
2018-12-21 16:57:46.875  INFO 45404 --- [main] c.a.d.s.b.a.DruidDataSourceAutoConfigure : Init DruidDataSource
2018-12-21 16:57:47.218  INFO 45404 --- [main] com.alibaba.druid.pool.DruidDataSource   : {dataSource-1} inited
2018-12-21 16:57:48.010  INFO 45404 --- [main] o.s.s.concurrent.ThreadPoolTaskExecutor  : Initializing ExecutorService 'applicationTaskExecutor'
2018-12-21 16:57:48.487  INFO 45404 --- [main] d.s.w.p.DocumentationPluginsBootstrapper : Context refreshed
2018-12-21 16:57:48.500  INFO 45404 --- [main] d.s.w.p.DocumentationPluginsBootstrapper : Found 1 custom documentation plugin(s)
2018-12-21 16:57:48.510  INFO 45404 --- [main] s.d.s.w.s.ApiListingReferenceScanner     : Scanning for api listing references
2018-12-21 16:57:48.659  INFO 45404 --- [main] o.s.b.w.embedded.tomcat.TomcatWebServer  : Tomcat started on port(s): 8080 (http) with context path ''
2018-12-21 16:57:48.661  INFO 45404 --- [main] com.user.UserApplication                 : Started UserApplication in 4.845 seconds (JVM running for 6.025)
2018-12-21 16:58:42.732  INFO 45404 --- [http-nio-8080-exec-1] o.a.c.c.C.[Tomcat].[localhost].[/]       : Initializing Spring DispatcherServlet 'dispatcherServlet'
2018-12-21 16:58:42.732  INFO 45404 --- [http-nio-8080-exec-1] o.s.web.servlet.DispatcherServlet        : Initializing Servlet 'dispatcherServlet'
2018-12-21 16:58:42.740  INFO 45404 --- [http-nio-8080-exec-1] o.s.web.servlet.DispatcherServlet        : Completed initialization in 8 ms
2018-12-21 17:08:59.364  INFO 12960 --- [main] com.user.UserApplication                 : Starting UserApplication on DESKTOP-M5QQUUF with PID 12960 (D:\IDEAWorkSpaces\PTproject\xiaomai\user\target\classes started by 郑益豪 in D:\IDEAWorkSpaces\PTproject\xiaomai)
2018-12-21 17:08:59.366  INFO 12960 --- [main] com.user.UserApplication                 : The following profiles are active: dev
2018-12-21 17:09:00.835  INFO 12960 --- [main] .s.d.r.c.RepositoryConfigurationDelegate : Multiple Spring Data modules found, entering strict repository configuration mode!
2018-12-21 17:09:00.837  INFO 12960 --- [main] .s.d.r.c.RepositoryConfigurationDelegate : Bootstrapping Spring Data repositories in DEFAULT mode.
2018-12-21 17:09:00.885  INFO 12960 --- [main] .s.d.r.c.RepositoryConfigurationDelegate : Finished Spring Data repository scanning in 30ms. Found 0 repository interfaces.
2018-12-21 17:09:01.280  INFO 12960 --- [main] trationDelegate$BeanPostProcessorChecker : Bean 'com.alibaba.druid.spring.boot.autoconfigure.stat.DruidSpringAopConfiguration' of type [com.alibaba.druid.spring.boot.autoconfigure.stat.DruidSpringAopConfiguration] is not eligible for getting processed by all BeanPostProcessors (for example: not eligible for auto-proxying)
2018-12-21 17:09:01.312  INFO 12960 --- [main] trationDelegate$BeanPostProcessorChecker : Bean 'org.springframework.transaction.annotation.ProxyTransactionManagementConfiguration' of type [org.springframework.transaction.annotation.ProxyTransactionManagementConfiguration$$EnhancerBySpringCGLIB$$448f7e4d] is not eligible for getting processed by all BeanPostProcessors (for example: not eligible for auto-proxying)
2018-12-21 17:09:01.348  INFO 12960 --- [main] trationDelegate$BeanPostProcessorChecker : Bean 'spring.datasource.druid-com.alibaba.druid.spring.boot.autoconfigure.properties.DruidStatProperties' of type [com.alibaba.druid.spring.boot.autoconfigure.properties.DruidStatProperties] is not eligible for getting processed by all BeanPostProcessors (for example: not eligible for auto-proxying)
2018-12-21 17:09:01.356  INFO 12960 --- [main] trationDelegate$BeanPostProcessorChecker : Bean 'advisor' of type [org.springframework.aop.support.RegexpMethodPointcutAdvisor] is not eligible for getting processed by all BeanPostProcessors (for example: not eligible for auto-proxying)
2018-12-21 17:09:01.686  INFO 12960 --- [main] o.s.b.w.embedded.tomcat.TomcatWebServer  : Tomcat initialized with port(s): 8080 (http)
2018-12-21 17:09:01.706  INFO 12960 --- [main] o.apache.catalina.core.StandardService   : Starting service [Tomcat]
2018-12-21 17:09:01.707  INFO 12960 --- [main] org.apache.catalina.core.StandardEngine  : Starting Servlet Engine: Apache Tomcat/9.0.13
2018-12-21 17:09:01.712  INFO 12960 --- [main] o.a.catalina.core.AprLifecycleListener   : The APR based Apache Tomcat Native library which allows optimal performance in production environments was not found on the java.library.path: [C:\Program Files\Java\jdk1.8.0_181\bin;C:\WINDOWS\Sun\Java\bin;C:\WINDOWS\system32;C:\WINDOWS;%JAVA_HOME%\bin;%JAVA_HOME%\jre\bin;C:\Program Files (x86)\Intel\iCLS Client\;C:\Program Files\Intel\iCLS Client\;C:\Windows\system32;C:\Windows;C:\Windows\System32\Wbem;C:\Windows\System32\WindowsPowerShell\v1.0\;C:\Program Files (x86)\NVIDIA Corporation\PhysX\Common;C:\Program Files (x86)\Intel\Intel(R) Management Engine Components\DAL;C:\Program Files\Intel\Intel(R) Management Engine Components\DAL;C:\Program Files (x86)\Intel\Intel(R) Management Engine Components\IPT;C:\Program Files\Intel\Intel(R) Management Engine Components\IPT;C:\Program Files\Intel\WiFi\bin\;C:\Program Files\Common Files\Intel\WirelessCommon\;C:\WINDOWS\system32;C:\WINDOWS;C:\WINDOWS\System32\Wbem;C:\WINDOWS\System32\WindowsPowerShell\v1.0\;C:\WINDOWS\System32\OpenSSH\;D:\Git\cmd;D:\maven\apache-maven-3.5.4\bin;D:\svn\bin;C:\Program Files\VisualSVN Server\bin;C:\Program Files\MySQL\MySQL Server 5.5\bin;%GRADLE_HOME%\bin;C:\Users\zyh\AppData\Local\Microsoft\WindowsApps;C:\Users\zyh\AppData\Local\GitHubDesktop\bin;;.]
2018-12-21 17:09:01.864  INFO 12960 --- [main] o.a.c.c.C.[Tomcat].[localhost].[/]       : Initializing Spring embedded WebApplicationContext
2018-12-21 17:09:01.864  INFO 12960 --- [main] o.s.web.context.ContextLoader            : Root WebApplicationContext: initialization completed in 2423 ms
2018-12-21 17:09:01.977  INFO 12960 --- [main] c.a.d.s.b.a.DruidDataSourceAutoConfigure : Init DruidDataSource
2018-12-21 17:09:02.322  INFO 12960 --- [main] com.alibaba.druid.pool.DruidDataSource   : {dataSource-1} inited
2018-12-21 17:09:03.263  INFO 12960 --- [main] o.s.s.concurrent.ThreadPoolTaskExecutor  : Initializing ExecutorService 'applicationTaskExecutor'
2018-12-21 17:09:03.728  INFO 12960 --- [main] d.s.w.p.DocumentationPluginsBootstrapper : Context refreshed
2018-12-21 17:09:03.740  INFO 12960 --- [main] d.s.w.p.DocumentationPluginsBootstrapper : Found 1 custom documentation plugin(s)
2018-12-21 17:09:03.752  INFO 12960 --- [main] s.d.s.w.s.ApiListingReferenceScanner     : Scanning for api listing references
2018-12-21 17:09:03.870  INFO 12960 --- [main] .d.s.w.r.o.CachingOperationNameGenerator : Generating unique operation named: updapwdUsingGET_1
2018-12-21 17:09:03.909  INFO 12960 --- [main] o.s.b.w.embedded.tomcat.TomcatWebServer  : Tomcat started on port(s): 8080 (http) with context path ''
2018-12-21 17:09:03.912  INFO 12960 --- [main] com.user.UserApplication                 : Started UserApplication in 5.228 seconds (JVM running for 6.372)
2018-12-21 17:09:26.792  INFO 12960 --- [http-nio-8080-exec-1] o.a.c.c.C.[Tomcat].[localhost].[/]       : Initializing Spring DispatcherServlet 'dispatcherServlet'
2018-12-21 17:09:26.792  INFO 12960 --- [http-nio-8080-exec-1] o.s.web.servlet.DispatcherServlet        : Initializing Servlet 'dispatcherServlet'
2018-12-21 17:09:26.800  INFO 12960 --- [http-nio-8080-exec-1] o.s.web.servlet.DispatcherServlet        : Completed initialization in 8 ms
2018-12-21 17:53:32.634  INFO 2696 --- [main] com.user.UserApplication                 : Starting UserApplication on DESKTOP-M5QQUUF with PID 2696 (D:\IDEAWorkSpaces\PTproject\xiaomai\user\target\classes started by 郑益豪 in D:\IDEAWorkSpaces\PTproject\xiaomai)
2018-12-21 17:53:32.636  INFO 2696 --- [main] com.user.UserApplication                 : The following profiles are active: dev
2018-12-21 17:53:34.019  INFO 2696 --- [main] .s.d.r.c.RepositoryConfigurationDelegate : Multiple Spring Data modules found, entering strict repository configuration mode!
2018-12-21 17:53:34.037  INFO 2696 --- [main] .s.d.r.c.RepositoryConfigurationDelegate : Bootstrapping Spring Data repositories in DEFAULT mode.
2018-12-21 17:53:34.090  INFO 2696 --- [main] .s.d.r.c.RepositoryConfigurationDelegate : Finished Spring Data repository scanning in 28ms. Found 0 repository interfaces.
2018-12-21 17:53:34.489  INFO 2696 --- [main] trationDelegate$BeanPostProcessorChecker : Bean 'com.alibaba.druid.spring.boot.autoconfigure.stat.DruidSpringAopConfiguration' of type [com.alibaba.druid.spring.boot.autoconfigure.stat.DruidSpringAopConfiguration] is not eligible for getting processed by all BeanPostProcessors (for example: not eligible for auto-proxying)
2018-12-21 17:53:34.603  INFO 2696 --- [main] trationDelegate$BeanPostProcessorChecker : Bean 'org.springframework.transaction.annotation.ProxyTransactionManagementConfiguration' of type [org.springframework.transaction.annotation.ProxyTransactionManagementConfiguration$$EnhancerBySpringCGLIB$$6fedb0ca] is not eligible for getting processed by all BeanPostProcessors (for example: not eligible for auto-proxying)
2018-12-21 17:53:34.695  INFO 2696 --- [main] trationDelegate$BeanPostProcessorChecker : Bean 'spring.datasource.druid-com.alibaba.druid.spring.boot.autoconfigure.properties.DruidStatProperties' of type [com.alibaba.druid.spring.boot.autoconfigure.properties.DruidStatProperties] is not eligible for getting processed by all BeanPostProcessors (for example: not eligible for auto-proxying)
2018-12-21 17:53:34.702  INFO 2696 --- [main] trationDelegate$BeanPostProcessorChecker : Bean 'advisor' of type [org.springframework.aop.support.RegexpMethodPointcutAdvisor] is not eligible for getting processed by all BeanPostProcessors (for example: not eligible for auto-proxying)
2018-12-21 17:53:35.011  INFO 2696 --- [main] o.s.b.w.embedded.tomcat.TomcatWebServer  : Tomcat initialized with port(s): 8080 (http)
2018-12-21 17:53:35.033  INFO 2696 --- [main] o.apache.catalina.core.StandardService   : Starting service [Tomcat]
2018-12-21 17:53:35.033  INFO 2696 --- [main] org.apache.catalina.core.StandardEngine  : Starting Servlet Engine: Apache Tomcat/9.0.13
2018-12-21 17:53:35.039  INFO 2696 --- [main] o.a.catalina.core.AprLifecycleListener   : The APR based Apache Tomcat Native library which allows optimal performance in production environments was not found on the java.library.path: [C:\Program Files\Java\jdk1.8.0_181\bin;C:\WINDOWS\Sun\Java\bin;C:\WINDOWS\system32;C:\WINDOWS;%JAVA_HOME%\bin;%JAVA_HOME%\jre\bin;C:\Program Files (x86)\Intel\iCLS Client\;C:\Program Files\Intel\iCLS Client\;C:\Windows\system32;C:\Windows;C:\Windows\System32\Wbem;C:\Windows\System32\WindowsPowerShell\v1.0\;C:\Program Files (x86)\NVIDIA Corporation\PhysX\Common;C:\Program Files (x86)\Intel\Intel(R) Management Engine Components\DAL;C:\Program Files\Intel\Intel(R) Management Engine Components\DAL;C:\Program Files (x86)\Intel\Intel(R) Management Engine Components\IPT;C:\Program Files\Intel\Intel(R) Management Engine Components\IPT;C:\Program Files\Intel\WiFi\bin\;C:\Program Files\Common Files\Intel\WirelessCommon\;C:\WINDOWS\system32;C:\WINDOWS;C:\WINDOWS\System32\Wbem;C:\WINDOWS\System32\WindowsPowerShell\v1.0\;C:\WINDOWS\System32\OpenSSH\;D:\Git\cmd;D:\maven\apache-maven-3.5.4\bin;D:\svn\bin;C:\Program Files\VisualSVN Server\bin;C:\Program Files\MySQL\MySQL Server 5.5\bin;%GRADLE_HOME%\bin;C:\Users\zyh\AppData\Local\Microsoft\WindowsApps;C:\Users\zyh\AppData\Local\GitHubDesktop\bin;;.]
2018-12-21 17:53:35.190  INFO 2696 --- [main] o.a.c.c.C.[Tomcat].[localhost].[/]       : Initializing Spring embedded WebApplicationContext
2018-12-21 17:53:35.190  INFO 2696 --- [main] o.s.web.context.ContextLoader            : Root WebApplicationContext: initialization completed in 2483 ms
2018-12-21 17:53:35.301  INFO 2696 --- [main] c.a.d.s.b.a.DruidDataSourceAutoConfigure : Init DruidDataSource
2018-12-21 17:53:35.574  INFO 2696 --- [main] com.alibaba.druid.pool.DruidDataSource   : {dataSource-1} inited
2018-12-21 17:53:36.526  INFO 2696 --- [main] o.s.s.concurrent.ThreadPoolTaskExecutor  : Initializing ExecutorService 'applicationTaskExecutor'
2018-12-21 17:53:36.994  INFO 2696 --- [main] d.s.w.p.DocumentationPluginsBootstrapper : Context refreshed
2018-12-21 17:53:37.007  INFO 2696 --- [main] d.s.w.p.DocumentationPluginsBootstrapper : Found 1 custom documentation plugin(s)
2018-12-21 17:53:37.017  INFO 2696 --- [main] s.d.s.w.s.ApiListingReferenceScanner     : Scanning for api listing references
2018-12-21 17:53:37.130  INFO 2696 --- [main] .d.s.w.r.o.CachingOperationNameGenerator : Generating unique operation named: updapwdUsingGET_1
2018-12-21 17:53:37.171  INFO 2696 --- [main] o.s.b.w.embedded.tomcat.TomcatWebServer  : Tomcat started on port(s): 8080 (http) with context path ''
2018-12-21 17:53:37.174  INFO 2696 --- [main] com.user.UserApplication                 : Started UserApplication in 5.025 seconds (JVM running for 6.105)
2018-12-21 17:54:11.168  INFO 2696 --- [http-nio-8080-exec-1] o.a.c.c.C.[Tomcat].[localhost].[/]       : Initializing Spring DispatcherServlet 'dispatcherServlet'
2018-12-21 17:54:11.169  INFO 2696 --- [http-nio-8080-exec-1] o.s.web.servlet.DispatcherServlet        : Initializing Servlet 'dispatcherServlet'
2018-12-21 17:54:11.176  INFO 2696 --- [http-nio-8080-exec-1] o.s.web.servlet.DispatcherServlet        : Completed initialization in 7 ms
2018-12-21 18:07:18.191  INFO 14768 --- [main] com.user.UserApplication                 : Starting UserApplication on DESKTOP-M5QQUUF with PID 14768 (D:\IDEAWorkSpaces\PTproject\xiaomai\user\target\classes started by 郑益豪 in D:\IDEAWorkSpaces\PTproject\xiaomai)
2018-12-21 18:07:18.194  INFO 14768 --- [main] com.user.UserApplication                 : The following profiles are active: dev
2018-12-21 18:07:19.602  INFO 14768 --- [main] .s.d.r.c.RepositoryConfigurationDelegate : Multiple Spring Data modules found, entering strict repository configuration mode!
2018-12-21 18:07:19.605  INFO 14768 --- [main] .s.d.r.c.RepositoryConfigurationDelegate : Bootstrapping Spring Data repositories in DEFAULT mode.
2018-12-21 18:07:19.651  INFO 14768 --- [main] .s.d.r.c.RepositoryConfigurationDelegate : Finished Spring Data repository scanning in 17ms. Found 0 repository interfaces.
2018-12-21 18:07:19.960  INFO 14768 --- [main] trationDelegate$BeanPostProcessorChecker : Bean 'com.alibaba.druid.spring.boot.autoconfigure.stat.DruidSpringAopConfiguration' of type [com.alibaba.druid.spring.boot.autoconfigure.stat.DruidSpringAopConfiguration] is not eligible for getting processed by all BeanPostProcessors (for example: not eligible for auto-proxying)
2018-12-21 18:07:19.990  INFO 14768 --- [main] trationDelegate$BeanPostProcessorChecker : Bean 'org.springframework.transaction.annotation.ProxyTransactionManagementConfiguration' of type [org.springframework.transaction.annotation.ProxyTransactionManagementConfiguration$$EnhancerBySpringCGLIB$$fa61b081] is not eligible for getting processed by all BeanPostProcessors (for example: not eligible for auto-proxying)
2018-12-21 18:07:20.014  INFO 14768 --- [main] trationDelegate$BeanPostProcessorChecker : Bean 'spring.datasource.druid-com.alibaba.druid.spring.boot.autoconfigure.properties.DruidStatProperties' of type [com.alibaba.druid.spring.boot.autoconfigure.properties.DruidStatProperties] is not eligible for getting processed by all BeanPostProcessors (for example: not eligible for auto-proxying)
2018-12-21 18:07:20.021  INFO 14768 --- [main] trationDelegate$BeanPostProcessorChecker : Bean 'advisor' of type [org.springframework.aop.support.RegexpMethodPointcutAdvisor] is not eligible for getting processed by all BeanPostProcessors (for example: not eligible for auto-proxying)
2018-12-21 18:07:20.411  INFO 14768 --- [main] o.s.b.w.embedded.tomcat.TomcatWebServer  : Tomcat initialized with port(s): 8080 (http)
2018-12-21 18:07:20.430  INFO 14768 --- [main] o.apache.catalina.core.StandardService   : Starting service [Tomcat]
2018-12-21 18:07:20.431  INFO 14768 --- [main] org.apache.catalina.core.StandardEngine  : Starting Servlet Engine: Apache Tomcat/9.0.13
2018-12-21 18:07:20.442  INFO 14768 --- [main] o.a.catalina.core.AprLifecycleListener   : The APR based Apache Tomcat Native library which allows optimal performance in production environments was not found on the java.library.path: [C:\Program Files\Java\jdk1.8.0_181\bin;C:\WINDOWS\Sun\Java\bin;C:\WINDOWS\system32;C:\WINDOWS;%JAVA_HOME%\bin;%JAVA_HOME%\jre\bin;C:\Program Files (x86)\Intel\iCLS Client\;C:\Program Files\Intel\iCLS Client\;C:\Windows\system32;C:\Windows;C:\Windows\System32\Wbem;C:\Windows\System32\WindowsPowerShell\v1.0\;C:\Program Files (x86)\NVIDIA Corporation\PhysX\Common;C:\Program Files (x86)\Intel\Intel(R) Management Engine Components\DAL;C:\Program Files\Intel\Intel(R) Management Engine Components\DAL;C:\Program Files (x86)\Intel\Intel(R) Management Engine Components\IPT;C:\Program Files\Intel\Intel(R) Management Engine Components\IPT;C:\Program Files\Intel\WiFi\bin\;C:\Program Files\Common Files\Intel\WirelessCommon\;C:\WINDOWS\system32;C:\WINDOWS;C:\WINDOWS\System32\Wbem;C:\WINDOWS\System32\WindowsPowerShell\v1.0\;C:\WINDOWS\System32\OpenSSH\;D:\Git\cmd;D:\maven\apache-maven-3.5.4\bin;D:\svn\bin;C:\Program Files\VisualSVN Server\bin;C:\Program Files\MySQL\MySQL Server 5.5\bin;%GRADLE_HOME%\bin;C:\Users\zyh\AppData\Local\Microsoft\WindowsApps;C:\Users\zyh\AppData\Local\GitHubDesktop\bin;;.]
2018-12-21 18:07:20.589  INFO 14768 --- [main] o.a.c.c.C.[Tomcat].[localhost].[/]       : Initializing Spring embedded WebApplicationContext
2018-12-21 18:07:20.589  INFO 14768 --- [main] o.s.web.context.ContextLoader            : Root WebApplicationContext: initialization completed in 2319 ms
2018-12-21 18:07:20.692  INFO 14768 --- [main] c.a.d.s.b.a.DruidDataSourceAutoConfigure : Init DruidDataSource
2018-12-21 18:07:20.901  INFO 14768 --- [main] com.alibaba.druid.pool.DruidDataSource   : {dataSource-1} inited
2018-12-21 18:07:21.801  INFO 14768 --- [main] o.s.s.concurrent.ThreadPoolTaskExecutor  : Initializing ExecutorService 'applicationTaskExecutor'
2018-12-21 18:07:22.251  INFO 14768 --- [main] d.s.w.p.DocumentationPluginsBootstrapper : Context refreshed
2018-12-21 18:07:22.274  INFO 14768 --- [main] d.s.w.p.DocumentationPluginsBootstrapper : Found 1 custom documentation plugin(s)
2018-12-21 18:07:22.285  INFO 14768 --- [main] s.d.s.w.s.ApiListingReferenceScanner     : Scanning for api listing references
2018-12-21 18:07:22.411  INFO 14768 --- [main] .d.s.w.r.o.CachingOperationNameGenerator : Generating unique operation named: updapwdUsingGET_1
2018-12-21 18:07:22.448  INFO 14768 --- [main] o.s.b.w.embedded.tomcat.TomcatWebServer  : Tomcat started on port(s): 8080 (http) with context path ''
2018-12-21 18:07:22.450  INFO 14768 --- [main] com.user.UserApplication                 : Started UserApplication in 4.711 seconds (JVM running for 5.804)
2018-12-21 18:16:32.306  INFO 14768 --- [http-nio-8080-exec-2] o.a.c.c.C.[Tomcat].[localhost].[/]       : Initializing Spring DispatcherServlet 'dispatcherServlet'
2018-12-21 18:16:32.307  INFO 14768 --- [http-nio-8080-exec-2] o.s.web.servlet.DispatcherServlet        : Initializing Servlet 'dispatcherServlet'
2018-12-21 18:16:32.314  INFO 14768 --- [http-nio-8080-exec-2] o.s.web.servlet.DispatcherServlet        : Completed initialization in 7 ms
2018-12-21 19:58:12.892  INFO 114580 --- [main] com.user.UserApplication                 : Starting UserApplication on DESKTOP-M5QQUUF with PID 114580 (D:\IDEAWorkSpaces\PTproject\xiaomai\user\target\classes started by 郑益豪 in D:\IDEAWorkSpaces\PTproject\xiaomai)
2018-12-21 19:58:12.897  INFO 114580 --- [main] com.user.UserApplication                 : The following profiles are active: dev
2018-12-21 19:58:14.316  INFO 114580 --- [main] .s.d.r.c.RepositoryConfigurationDelegate : Multiple Spring Data modules found, entering strict repository configuration mode!
2018-12-21 19:58:14.326  INFO 114580 --- [main] .s.d.r.c.RepositoryConfigurationDelegate : Bootstrapping Spring Data repositories in DEFAULT mode.
2018-12-21 19:58:14.352  INFO 114580 --- [main] .s.d.r.c.RepositoryConfigurationDelegate : Finished Spring Data repository scanning in 14ms. Found 0 repository interfaces.
2018-12-21 19:58:14.769  INFO 114580 --- [main] trationDelegate$BeanPostProcessorChecker : Bean 'com.alibaba.druid.spring.boot.autoconfigure.stat.DruidSpringAopConfiguration' of type [com.alibaba.druid.spring.boot.autoconfigure.stat.DruidSpringAopConfiguration] is not eligible for getting processed by all BeanPostProcessors (for example: not eligible for auto-proxying)
2018-12-21 19:58:14.814  INFO 114580 --- [main] trationDelegate$BeanPostProcessorChecker : Bean 'org.springframework.transaction.annotation.ProxyTransactionManagementConfiguration' of type [org.springframework.transaction.annotation.ProxyTransactionManagementConfiguration$$EnhancerBySpringCGLIB$$d19524fd] is not eligible for getting processed by all BeanPostProcessors (for example: not eligible for auto-proxying)
2018-12-21 19:58:14.868  INFO 114580 --- [main] trationDelegate$BeanPostProcessorChecker : Bean 'spring.datasource.druid-com.alibaba.druid.spring.boot.autoconfigure.properties.DruidStatProperties' of type [com.alibaba.druid.spring.boot.autoconfigure.properties.DruidStatProperties] is not eligible for getting processed by all BeanPostProcessors (for example: not eligible for auto-proxying)
2018-12-21 19:58:14.873  INFO 114580 --- [main] trationDelegate$BeanPostProcessorChecker : Bean 'advisor' of type [org.springframework.aop.support.RegexpMethodPointcutAdvisor] is not eligible for getting processed by all BeanPostProcessors (for example: not eligible for auto-proxying)
2018-12-21 19:58:15.506  INFO 114580 --- [main] o.s.b.w.embedded.tomcat.TomcatWebServer  : Tomcat initialized with port(s): 8080 (http)
2018-12-21 19:58:15.531  INFO 114580 --- [main] o.apache.catalina.core.StandardService   : Starting service [Tomcat]
2018-12-21 19:58:15.532  INFO 114580 --- [main] org.apache.catalina.core.StandardEngine  : Starting Servlet Engine: Apache Tomcat/9.0.13
2018-12-21 19:58:15.539  INFO 114580 --- [main] o.a.catalina.core.AprLifecycleListener   : The APR based Apache Tomcat Native library which allows optimal performance in production environments was not found on the java.library.path: [C:\Program Files\Java\jdk1.8.0_181\bin;C:\WINDOWS\Sun\Java\bin;C:\WINDOWS\system32;C:\WINDOWS;%JAVA_HOME%\bin;%JAVA_HOME%\jre\bin;C:\Program Files (x86)\Intel\iCLS Client\;C:\Program Files\Intel\iCLS Client\;C:\Windows\system32;C:\Windows;C:\Windows\System32\Wbem;C:\Windows\System32\WindowsPowerShell\v1.0\;C:\Program Files (x86)\NVIDIA Corporation\PhysX\Common;C:\Program Files (x86)\Intel\Intel(R) Management Engine Components\DAL;C:\Program Files\Intel\Intel(R) Management Engine Components\DAL;C:\Program Files (x86)\Intel\Intel(R) Management Engine Components\IPT;C:\Program Files\Intel\Intel(R) Management Engine Components\IPT;C:\Program Files\Intel\WiFi\bin\;C:\Program Files\Common Files\Intel\WirelessCommon\;C:\WINDOWS\system32;C:\WINDOWS;C:\WINDOWS\System32\Wbem;C:\WINDOWS\System32\WindowsPowerShell\v1.0\;C:\WINDOWS\System32\OpenSSH\;D:\Git\cmd;D:\maven\apache-maven-3.5.4\bin;D:\svn\bin;C:\Program Files\VisualSVN Server\bin;C:\Program Files\MySQL\MySQL Server 5.5\bin;%GRADLE_HOME%\bin;C:\Users\zyh\AppData\Local\Microsoft\WindowsApps;C:\Users\zyh\AppData\Local\GitHubDesktop\bin;;.]
2018-12-21 19:58:15.786  INFO 114580 --- [main] o.a.c.c.C.[Tomcat].[localhost].[/]       : Initializing Spring embedded WebApplicationContext
2018-12-21 19:58:15.787  INFO 114580 --- [main] o.s.web.context.ContextLoader            : Root WebApplicationContext: initialization completed in 2724 ms
2018-12-21 19:58:15.890  INFO 114580 --- [main] c.a.d.s.b.a.DruidDataSourceAutoConfigure : Init DruidDataSource
2018-12-21 19:58:16.109  INFO 114580 --- [main] com.alibaba.druid.pool.DruidDataSource   : {dataSource-1} inited
2018-12-21 19:58:16.904  INFO 114580 --- [main] o.s.s.concurrent.ThreadPoolTaskExecutor  : Initializing ExecutorService 'applicationTaskExecutor'
2018-12-21 19:58:17.571  INFO 114580 --- [main] d.s.w.p.DocumentationPluginsBootstrapper : Context refreshed
2018-12-21 19:58:17.625  INFO 114580 --- [main] d.s.w.p.DocumentationPluginsBootstrapper : Found 1 custom documentation plugin(s)
2018-12-21 19:58:17.649  INFO 114580 --- [main] s.d.s.w.s.ApiListingReferenceScanner     : Scanning for api listing references
2018-12-21 19:58:17.885  INFO 114580 --- [main] .d.s.w.r.o.CachingOperationNameGenerator : Generating unique operation named: updapwdUsingGET_1
2018-12-21 19:58:17.935  INFO 114580 --- [main] o.s.b.w.embedded.tomcat.TomcatWebServer  : Tomcat started on port(s): 8080 (http) with context path ''
2018-12-21 19:58:17.937  INFO 114580 --- [main] com.user.UserApplication                 : Started UserApplication in 5.788 seconds (JVM running for 7.105)
2018-12-21 19:59:08.433  INFO 114580 --- [http-nio-8080-exec-1] o.a.c.c.C.[Tomcat].[localhost].[/]       : Initializing Spring DispatcherServlet 'dispatcherServlet'
2018-12-21 19:59:08.434  INFO 114580 --- [http-nio-8080-exec-1] o.s.web.servlet.DispatcherServlet        : Initializing Servlet 'dispatcherServlet'
2018-12-21 19:59:08.440  INFO 114580 --- [http-nio-8080-exec-1] o.s.web.servlet.DispatcherServlet        : Completed initialization in 6 ms
